<?xml version="1.0" encoding="UTF-8"?>
<testng-results skipped="0" failed="0" ignored="0" total="1" passed="1">
  <reporter-output>
  </reporter-output>
  <suite name="Suite" duration-ms="4209" started-at="2024-04-30T17:25:26Z" finished-at="2024-04-30T17:25:30Z">
    <groups>
    </groups>
    <test name="Test" duration-ms="4209" started-at="2024-04-30T17:25:26Z" finished-at="2024-04-30T17:25:30Z">
      <class name="com.tests.JbkLogin">
        <test-method status="PASS" signature="verifyLogin()[pri:0, instance:com.tests.JbkLogin@1bce4f0a]" name="verifyLogin" duration-ms="4195" started-at="2024-04-30T17:25:26Z" finished-at="2024-04-30T17:25:30Z">
          <reporter-output>
          </reporter-output>
        </test-method> <!-- verifyLogin -->
      </class> <!-- com.tests.JbkLogin -->
    </test> <!-- Test -->
  </suite> <!-- Suite -->
</testng-results>
