<?xml version="1.0" encoding="UTF-8"?>
<testng-results skipped="0" failed="0" ignored="0" total="1" passed="1">
  <reporter-output>
  </reporter-output>
  <suite name="Default suite" duration-ms="19165" started-at="2024-05-13T13:35:41Z" finished-at="2024-05-13T13:36:00Z">
    <groups>
    </groups>
    <test name="Default test" duration-ms="19165" started-at="2024-05-13T13:35:41Z" finished-at="2024-05-13T13:36:00Z">
      <class name="com.tests.WCartAutoItEx">
        <test-method status="PASS" signature="verifyImageUpload()[pri:0, instance:com.tests.WCartAutoItEx@59f99ea]" name="verifyImageUpload" duration-ms="19145" started-at="2024-05-13T19:05:41Z" finished-at="2024-05-13T19:06:00Z">
          <reporter-output>
          </reporter-output>
        </test-method> <!-- verifyImageUpload -->
      </class> <!-- com.tests.WCartAutoItEx -->
    </test> <!-- Default test -->
  </suite> <!-- Default suite -->
</testng-results>
