<?xml version="1.0" encoding="UTF-8"?>
<testng-results skipped="0" failed="0" ignored="0" total="1" passed="1">
  <reporter-output>
  </reporter-output>
  <suite name="Suite" duration-ms="3798" started-at="2024-04-30T17:24:23Z" finished-at="2024-04-30T17:24:27Z">
    <groups>
    </groups>
    <test name="Test" duration-ms="3798" started-at="2024-04-30T17:24:23Z" finished-at="2024-04-30T17:24:27Z">
      <class name="com.tests.JbkLogin">
        <test-method status="PASS" signature="verifyLogin()[pri:0, instance:com.tests.JbkLogin@59f99ea]" name="verifyLogin" duration-ms="3778" started-at="2024-04-30T22:54:23Z" finished-at="2024-04-30T22:54:27Z">
          <reporter-output>
          </reporter-output>
        </test-method> <!-- verifyLogin -->
      </class> <!-- com.tests.JbkLogin -->
    </test> <!-- Test -->
  </suite> <!-- Suite -->
</testng-results>
